<?xml version="1.0" encoding="UTF-8"?>
<testng-results ignored="0" total="1" passed="1" failed="0" skipped="0">
  <reporter-output>
  </reporter-output>
  <suite started-at="2021-10-25T22:24:50 IST" name="Default suite" finished-at="2021-10-25T22:25:15 IST" duration-ms="25399">
    <groups>
    </groups>
    <test started-at="2021-10-25T22:24:50 IST" name="Default test" finished-at="2021-10-25T22:25:15 IST" duration-ms="25399">
      <class name="test.AddToCartTest">
        <test-method is-config="true" signature="setup()[pri:0, instance:test.AddToCartTest@2f7298b]" started-at="2021-10-25T22:24:50 IST" name="setup" finished-at="2021-10-25T22:25:05 IST" duration-ms="15391" status="PASS">
          <reporter-output>
          </reporter-output>
        </test-method> <!-- setup -->
        <test-method signature="validateAddToCart()[pri:0, instance:test.AddToCartTest@2f7298b]" started-at="2021-10-25T22:25:05 IST" name="validateAddToCart" finished-at="2021-10-25T22:25:15 IST" duration-ms="9815" status="PASS">
          <reporter-output>
          </reporter-output>
        </test-method> <!-- validateAddToCart -->
        <test-method is-config="true" signature="quitWindow()[pri:0, instance:test.AddToCartTest@2f7298b]" started-at="2021-10-25T22:25:15 IST" name="quitWindow" finished-at="2021-10-25T22:25:15 IST" duration-ms="150" status="PASS">
          <reporter-output>
          </reporter-output>
        </test-method> <!-- quitWindow -->
      </class> <!-- test.AddToCartTest -->
    </test> <!-- Default test -->
  </suite> <!-- Default suite -->
</testng-results>
